<?xml version="1.0" encoding="UTF-8"?>
<!-- Generated by org.testng.reporters.JUnitReportReporter -->
<testsuite hostname="DESKTOP-H2ULFNK" failures="0" tests="1" name="Parameterdemo1" time="17.009" errors="0" timestamp="20 Jun 2020 14:20:24 GMT" skipped="0">
  <testcase classname="Parameterdemo1" name="logintofacebook" time="17.009"/>
</testsuite> <!-- Parameterdemo1 -->
