<?xml version="1.0" encoding="UTF-8"?>
<!-- Generated by org.testng.reporters.JUnitReportReporter -->
<testsuite hostname="DESKTOP-H2ULFNK" failures="0" tests="3" name="TestngGroup" time="0.057" errors="0" timestamp="18 Jun 2020 14:20:15 GMT" skipped="0">
  <testcase classname="TestngGroup" name="Bike" time="0.044"/>
  <testcase classname="TestngGroup" name="FamilyCar" time="0.004"/>
  <testcase classname="TestngGroup" name="RacingCar" time="0.009"/>
</testsuite> <!-- TestngGroup -->
