<?xml version="1.0" encoding="UTF-8"?>
<!-- Generated by org.testng.reporters.JUnitReportReporter -->
<testsuite hostname="DESKTOP-H2ULFNK" failures="0" tests="1" name="ParameterDemo" time="0.035" errors="0" timestamp="19 Jun 2020 13:50:47 GMT" skipped="0">
  <testcase classname="ParameterDemo" name="sum" time="0.035"/>
</testsuite> <!-- ParameterDemo -->
