<?xml version="1.0" encoding="UTF-8"?>
<!-- Generated by org.testng.reporters.JUnitReportReporter -->
<testsuite hostname="DESKTOP-H2ULFNK" failures="0" tests="3" name="Dataproviderdemo" time="52.318" errors="0" timestamp="20 Jun 2020 14:30:57 GMT" skipped="0">
  <testcase classname="Dataproviderdemo" name="logintofacebook" time="24.655"/>
  <testcase classname="Dataproviderdemo" name="logintofacebook" time="15.121"/>
  <testcase classname="Dataproviderdemo" name="logintofacebook" time="12.542"/>
</testsuite> <!-- Dataproviderdemo -->
