<?xml version="1.0" encoding="UTF-8"?>
<!-- Generated by org.testng.reporters.JUnitReportReporter -->
<testsuite hostname="DESKTOP-H2ULFNK" failures="0" tests="2" name="InheritedDependencyTest" time="0.019" errors="0" timestamp="18 Jun 2020 14:56:00 GMT" skipped="0">
  <testcase classname="InheritedDependencyTest" name="LogIn" time="0.008"/>
  <testcase classname="InheritedDependencyTest" name="OpenBrowser" time="0.011"/>
</testsuite> <!-- InheritedDependencyTest -->
