<?xml version="1.0" encoding="UTF-8"?>
<!-- Generated by org.testng.reporters.JUnitReportReporter -->
<testsuite hostname="DESKTOP-H2ULFNK" failures="0" tests="1" name="SimpleTestNG" time="0.011" errors="0" timestamp="18 Jun 2020 14:20:15 GMT" skipped="0">
  <testcase classname="SimpleTestNG" name="SecondTest" time="0.011"/>
</testsuite> <!-- SimpleTestNG -->
