<?xml version="1.0" encoding="UTF-8"?>
<!-- Generated by org.testng.reporters.JUnitReportReporter -->
<testsuite hostname="DESKTOP-H2ULFNK" failures="0" tests="3" name="DependsonGroupsdemo" time="0.046" errors="0" timestamp="18 Jun 2020 15:03:03 GMT" skipped="0">
  <testcase classname="DependsonGroupsdemo" name="OpenBrowser" time="0.017"/>
  <testcase classname="DependsonGroupsdemo" name="LogIn" time="0.024"/>
  <testcase classname="DependsonGroupsdemo" name="ViewAcc" time="0.005"/>
</testsuite> <!-- DependsonGroupsdemo -->
