<?xml version="1.0" encoding="UTF-8"?>
<!-- Generated by org.testng.reporters.JUnitReportReporter -->
<testsuite hostname="DESKTOP-H2ULFNK" failures="0" tests="1" name="Superclass" time="0.026" errors="0" timestamp="18 Jun 2020 14:56:00 GMT" skipped="0">
  <testcase classname="Superclass" name="OpenBrowser" time="0.026"/>
</testsuite> <!-- Superclass -->
