<?xml version="1.0" encoding="UTF-8"?>
<!-- Generated by org.testng.reporters.JUnitReportReporter -->
<testsuite hostname="DESKTOP-H2ULFNK" failures="0" tests="3" name="DPdemo" time="0.042" errors="0" timestamp="20 Jun 2020 14:26:45 GMT" skipped="0">
  <testcase classname="DPdemo" name="myTest" time="0.007"/>
  <testcase classname="DPdemo" name="myTest" time="0.022"/>
  <testcase classname="DPdemo" name="myTest" time="0.013"/>
</testsuite> <!-- DPdemo -->
