<?xml version="1.0" encoding="UTF-8"?>
<!-- Generated by org.testng.reporters.JUnitReportReporter -->
<testsuite hostname="DESKTOP-H2ULFNK" failures="0" tests="3" name="DependentDemo" time="25.766" errors="0" timestamp="18 Jun 2020 14:49:38 GMT" skipped="0">
  <testcase classname="DependentDemo" name="LogOut" time="4.566"/>
  <testcase classname="DependentDemo" name="SignIn" time="1.031"/>
  <testcase classname="DependentDemo" name="OpenBrowser1" time="20.169"/>
</testsuite> <!-- DependentDemo -->
